### ISSUE TITLE
$ivars fails on some objects

### ISSUE THREAD

**Issue by newsoft** [frida/frida-objc#8]
Thank your for fixing #7 ! Now `chooseSync()` works, but there are still opaque pointers with a non-zero high nibble. Here is what I did:
```

[Local::Fox]-> ObjC.chooseSync(ObjC.classes.AAPLCharacter)
        "handle": "0x1004d4f40"
[Local::Fox]-> x = new ObjC.Object(ptr("0x1004d4f40"))
[Local::Fox]-> x.$ivars
```
In the remote process:
```
* thread #18, name = 'gum-js-loop', stop reason = EXC_BAD_ACCESS (code=EXC_I386_GPFLT)
    frame #0: 0x000000011b3040b6
->  0x11b3040b6: movq   (%rax), %rsi
    0x11b3040b9: movq   %r14, %rdi
    0x11b3040bc: movq   %r15, %rdx
    0x11b3040bf: callq  0x11b2f998d
Target 0: (Fox (Objective-C)) stopped.
```
`rax` points to invalid address:
```
(lldb) register read
General Purpose Registers:
       rax = 0x80000001004d4fc8
       rbx = 0x0000000000000000
       rcx = 0x000000011b3042f0
       rdx = 0x0000000000000000
       rdi = 0x00007000011486c8
       rsi = 0x00007000011485c0
       rbp = 0x00007000011487a0
       rsp = 0x00007000011485f0
        r8 = 0x000000010888a458
        r9 = 0x0000000000000000
       r10 = 0x00007fff8db395be  libsystem_kernel.dylib`sigprocmask + 10
       r11 = 0x0000000000000246
       r12 = 0x00000001088a3020
       r13 = 0x000000011df88b00
       r14 = 0x000000011c053b40
       r15 = 0x00000001088b7378
       rip = 0x000000011b3040b6
    rflags = 0x0000000000010207
        cs = 0x000000000000002b
        fs = 0x0000000000000000
        gs = 0x0000000000000000
```
Although the address with high nibble unset is valid:
```
(lldb) x/16x 0x1004d4fc0
0x1004d4fc0: 0x004b0220 0x00000001 0x09703ce0 0x00000001
0x1004d4fd0: 0x004a9e20 0x00000001 0x004b0cf0 0x00000001
0x1004d4fe0: 0x00000000 0x00000000 0x004b1d60 0x00000001
0x1004d4ff0: 0x004b67e0 0x00000001 0x004b7ce0 0x00000001
```
Unfortunately the injected thread is not symbolicated:
```
(lldb) bt
* thread #18, name = 'gum-js-loop', stop reason = EXC_BAD_ACCESS (code=EXC_I386_GPFLT)
  * frame #0: 0x000000011b3040b6
    frame #1: 0x000000011b302eb6
    frame #2: 0x000000011b318bf7
...
```

**Comment by oleavr** [comment]
Fixed in Frida 10.6.10. Thanks!
